{"level":"info","message":"Server is running on port 3000","service":"irctc-api","timestamp":"2025-02-12 16:07:30"}
{"level":"info","message":"Server is running on port 3000","service":"irctc-api","timestamp":"2025-02-12 16:09:22"}
{"level":"warn","message":"Operational error: Forbidden: Invalid token, Status: 403","service":"irctc-api","timestamp":"2025-02-12 16:11:36"}
{"level":"warn","message":"Operational error: Forbidden: Invalid token, Status: 403","service":"irctc-api","timestamp":"2025-02-12 16:11:41"}
{"level":"warn","message":"Operational error: Forbidden: Invalid token, Status: 403","service":"irctc-api","timestamp":"2025-02-12 16:11:45"}
{"level":"info","message":"Server is running on port 3000","service":"irctc-api","timestamp":"2025-02-12 16:13:02"}
{"level":"warn","message":"Operational error: Username already taken, Status: 409","service":"irctc-api","timestamp":"2025-02-12 16:13:35"}
{"level":"error","message":"Unexpected error: [object Object]","service":"irctc-api","timestamp":"2025-02-12 16:15:13"}
{"level":"error","message":"Unexpected error: [object Object]","service":"irctc-api","timestamp":"2025-02-12 16:16:50"}
{"level":"error","message":"Unexpected error: [object Object]","service":"irctc-api","timestamp":"2025-02-12 16:18:47"}
{"level":"info","message":"Server is running on port 3000","service":"irctc-api","timestamp":"2025-02-12 16:30:04"}
{"level":"info","message":"Server is running on port 3000","service":"irctc-api","timestamp":"2025-02-12 16:37:38"}
{"level":"error","message":"Unexpected error: [object Object]","service":"irctc-api","timestamp":"2025-02-12 16:38:30"}
{"level":"info","message":"Server is running on port 3000","service":"irctc-api","timestamp":"2025-02-12 16:40:08"}
{"level":"error","message":"Unexpected error: [object Object]","service":"irctc-api","timestamp":"2025-02-12 16:40:39"}
{"level":"info","message":"Server is running on port 3000","service":"irctc-api","timestamp":"2025-02-12 16:40:40"}
{"level":"info","message":"Server is running on port 3000","service":"irctc-api","timestamp":"2025-02-12 16:42:14"}
{"level":"warn","message":"Operational error: Forbidden: Invalid token, Status: 403","service":"irctc-api","timestamp":"2025-02-12 16:42:27"}
{"level":"error","message":"Unexpected error: TypeError: supabase.transaction is not a function","service":"irctc-api","timestamp":"2025-02-12 16:43:24"}
{"level":"info","message":"Server is running on port 3000","service":"irctc-api","timestamp":"2025-02-12 16:53:33"}
{"level":"warn","message":"Operational error: Transaction function not available in Supabase client. Check installation., Status: 500","service":"irctc-api","timestamp":"2025-02-12 16:53:41"}
{"level":"info","message":"Server is running on port 3000","service":"irctc-api","timestamp":"2025-02-12 16:54:58"}
{"level":"info","message":"Server is running on port 3000","service":"irctc-api","timestamp":"2025-02-12 16:57:56"}
{"level":"info","message":"Server is running on port 3000","service":"irctc-api","timestamp":"2025-02-20 03:02:03"}
{"level":"info","message":"Server is running on port 3000","service":"irctc-api","timestamp":"2025-02-20 03:02:19"}
{"level":"error","message":"Unexpected error: [object Object]","service":"irctc-api","timestamp":"2025-02-20 03:03:48"}
{"level":"error","message":"Unexpected error: [object Object]","service":"irctc-api","timestamp":"2025-02-20 03:04:32"}
{"level":"error","message":"Unexpected error: [object Object]","service":"irctc-api","timestamp":"2025-02-20 03:04:48"}
{"level":"error","message":"Unexpected error: [object Object]","service":"irctc-api","timestamp":"2025-02-20 03:06:07"}
{"level":"error","message":"Unexpected error: [object Object]","service":"irctc-api","timestamp":"2025-02-20 03:06:09"}
{"level":"error","message":"Unexpected error: [object Object]","service":"irctc-api","timestamp":"2025-02-20 03:06:11"}
{"level":"error","message":"Unexpected error: [object Object]","service":"irctc-api","timestamp":"2025-02-20 03:06:42"}
{"level":"warn","message":"Operational error: Forbidden: Invalid token, Status: 403","service":"irctc-api","timestamp":"2025-02-20 03:08:38"}
{"level":"error","message":"Unexpected error: TypeError: supabase.transaction is not a function","service":"irctc-api","timestamp":"2025-02-20 03:09:06"}
{"level":"error","message":"Unexpected error: TypeError: supabase.transaction is not a function","service":"irctc-api","timestamp":"2025-02-20 03:10:02"}
{"level":"error","message":"Unexpected error: TypeError: supabase.transaction is not a function","service":"irctc-api","timestamp":"2025-02-20 03:11:06"}
{"level":"info","message":"Server is running on port 3000","service":"irctc-api","timestamp":"2025-02-20 03:12:09"}
{"level":"warn","message":"Operational error: Failed to book seat, Status: 500","service":"irctc-api","timestamp":"2025-02-20 03:12:16"}
{"level":"warn","message":"Operational error: Failed to book seat, Status: 500","service":"irctc-api","timestamp":"2025-02-20 03:12:38"}
{"level":"warn","message":"Operational error: Failed to book seat, Status: 500","service":"irctc-api","timestamp":"2025-02-20 03:14:05"}
{"level":"info","message":"Server is running on port 3000","service":"irctc-api","timestamp":"2025-02-20 03:14:42"}
{"level":"warn","message":"Operational error: Failed to start transaction, Status: 500","service":"irctc-api","timestamp":"2025-02-20 03:14:48"}
{"level":"info","message":"Server is running on port 3000","service":"irctc-api","timestamp":"2025-02-20 03:15:31"}
{"level":"info","message":"Server is running on port 3000","service":"irctc-api","timestamp":"2025-02-20 03:15:59"}
{"level":"warn","message":"Operational error: Failed to fetch train details, Status: 500","service":"irctc-api","timestamp":"2025-02-20 03:16:09"}
{"level":"warn","message":"Operational error: Failed to fetch train details, Status: 500","service":"irctc-api","timestamp":"2025-02-20 03:17:42"}
{"level":"warn","message":"Operational error: Failed to create booking, Status: 500","service":"irctc-api","timestamp":"2025-02-20 03:17:48"}
{"level":"info","message":"Server is running on port 3000","service":"irctc-api","timestamp":"2025-02-20 03:18:28"}
{"level":"error","message":"Unexpected error: TypeError: supabase.transaction is not a function","service":"irctc-api","timestamp":"2025-02-20 03:18:31"}
{"level":"info","message":"Server is running on port 3000","service":"irctc-api","timestamp":"2025-02-20 03:20:10"}
{"level":"warn","message":"Operational error: Not enough seats available, Status: 500","service":"irctc-api","timestamp":"2025-02-20 03:22:30"}
{"level":"error","message":"Unexpected error: ReferenceError: bookingRepository is not defined","service":"irctc-api","timestamp":"2025-02-20 03:23:43"}
{"level":"error","message":"Unexpected error: ReferenceError: bookingRepository is not defined","service":"irctc-api","timestamp":"2025-02-20 03:24:10"}
{"level":"info","message":"Server is running on port 3000","service":"irctc-api","timestamp":"2025-02-20 03:31:44"}
{"level":"info","message":"Server is running on port 3000","service":"irctc-api","timestamp":"2025-02-20 03:32:06"}
{"level":"error","message":"Unexpected error: ReferenceError: bookingRepository is not defined","service":"irctc-api","timestamp":"2025-02-20 03:32:10"}
{"level":"info","message":"Server is running on port 3000","service":"irctc-api","timestamp":"2025-02-20 03:33:07"}
{"level":"info","message":"Server is running on port 3000","service":"irctc-api","timestamp":"2025-02-20 03:33:29"}
